[WARN ]2018-05-01 23:38:16,157 Thread:( main) Method:(org.grobid.core.main.GrobidHomeFinder.getGrobidHomePathOrLoadFromClasspath) No Grobid property was provided. Attempting to find Grobid home in the current directory...
[WARN ]2018-05-01 23:38:16,172 Thread:( main) Method:(org.grobid.core.main.GrobidHomeFinder.findGrobidHomeOrFail) ***************************************************************
[WARN ]2018-05-01 23:38:16,173 Thread:( main) Method:(org.grobid.core.main.GrobidHomeFinder.findGrobidHomeOrFail) *** USING GROBID HOME: /Users/vinci/lib/grobid/grobid-home
[WARN ]2018-05-01 23:38:16,174 Thread:( main) Method:(org.grobid.core.main.GrobidHomeFinder.findGrobidHomeOrFail) ***************************************************************
[DEBUG]2018-05-01 23:38:16,175 Thread:( main) Method:(org.grobid.core.utilities.GrobidProperties.getNewInstance) synchronized getNewInstance
[DEBUG]2018-05-01 23:38:16,175 Thread:( main) Method:(org.grobid.core.utilities.GrobidProperties.loadGrobidPropertiesPath) loading grobid.properties
[WARN ]2018-05-01 23:38:16,176 Thread:( main) Method:(org.grobid.core.main.GrobidHomeFinder.findGrobidPropertiesOrFail) Grobid property file location was not explicitly set via 'org.grobid.property' system variable, defaulting to: /Users/vinci/lib/grobid/grobid-home/config/grobid.properties
[DEBUG]2018-05-01 23:38:16,187 Thread:( main) Method:(org.grobid.core.utilities.GrobidProperties.checkProperties) Checking Properties
[DEBUG]2018-05-01 23:38:16,188 Thread:( main) Method:(org.grobid.core.utilities.GrobidProperties.loadPdf2XMLPath) loading pdf2xml path
[DEBUG]2018-05-01 23:38:16,192 Thread:( main) Method:(org.grobid.core.utilities.GrobidProperties.loadPdf2XMLPath) pdf2xml home directory set to /Users/vinci/lib/grobid/grobid-home/pdf2xml/mac-64
[INFO ]2018-05-01 23:38:16,194 Thread:( main) Method:(org.grobid.core.main.LibraryLoader.load) Loading external native CRF library
[DEBUG]2018-05-01 23:38:16,195 Thread:( main) Method:(org.grobid.core.main.LibraryLoader.load) /Users/vinci/lib/grobid/grobid-home/lib/mac-64
[INFO ]2018-05-01 23:38:16,198 Thread:( main) Method:(org.grobid.core.main.LibraryLoader.load) Loading Wapiti native library...
[INFO ]2018-05-01 23:38:16,202 Thread:( main) Method:(org.grobid.core.main.LibraryLoader.load) Library crfpp loaded
[DEBUG]2018-05-01 23:38:16,217 Thread:( main) Method:(org.grobid.core.utilities.LanguageUtilities.getNewInstance) synchronized getNewInstance
[DEBUG]2018-05-01 23:38:16,243 Thread:( main) Method:(org.grobid.core.analyzers.GrobidAnalyzer.getNewInstance) Get new instance of GrobidAnalyzer
[INFO ]2018-05-01 23:38:16,245 Thread:( main) Method:(org.grobid.core.jni.WapitiModel.init) Loading model: /Users/vinci/lib/grobid/grobid-home/models/header/model.wapiti (size: 585769)
[DEBUG]2018-05-01 23:38:16,294 Thread:( main) Method:(org.grobid.core.document.DocumentSource.pdf2xml) start pdf2xml
[DEBUG]2018-05-01 23:38:16,305 Thread:( main) Method:(org.grobid.core.document.DocumentSource.pdf2xml) Executing command: [bash, -c, ulimit -Sv 6242304 && /Users/vinci/lib/grobid/grobid-home/pdf2xml/mac-64/pdftoxml -blocks -noImageInline -fullFontName  -noImage  -annotation  -outline  -l 2  '/Users/vinci/lib/Papers/Input/CAR001.pdf' /Users/vinci/lib/grobid/grobid-home/tmp/4BRJQzkhtP.lxml]
[DEBUG]2018-05-01 23:38:16,306 Thread:( main) Method:(org.grobid.core.document.DocumentSource.processPdf2XmlThreadMode) Executing: [bash, -c, ulimit -Sv 6242304 && /Users/vinci/lib/grobid/grobid-home/pdf2xml/mac-64/pdftoxml -blocks -noImageInline -fullFontName  -noImage  -annotation  -outline  -l 2  '/Users/vinci/lib/Papers/Input/CAR001.pdf' /Users/vinci/lib/grobid/grobid-home/tmp/4BRJQzkhtP.lxml]
[DEBUG]2018-05-01 23:38:16,462 Thread:( main) Method:(org.grobid.core.document.DocumentSource.pdf2xml) pdf2xml process finished. Time to process:168ms
[DEBUG]2018-05-01 23:38:16,693 Thread:( main) Method:(org.grobid.core.lexicon.Lexicon.getNewInstance) Get new instance of Lexicon
[INFO ]2018-05-01 23:38:16,694 Thread:( main) Method:(org.grobid.core.lexicon.Lexicon.initDictionary) Initiating dictionary
[INFO ]2018-05-01 23:38:16,695 Thread:( main) Method:(org.grobid.core.lexicon.Lexicon.initDictionary) End of Initialization of dictionary
[INFO ]2018-05-01 23:38:16,697 Thread:( main) Method:(org.grobid.core.lexicon.Lexicon.initNames) Initiating names
[INFO ]2018-05-01 23:38:16,698 Thread:( main) Method:(org.grobid.core.lexicon.Lexicon.initNames) End of initialization of names
[INFO ]2018-05-01 23:38:17,333 Thread:( main) Method:(org.grobid.core.lexicon.Lexicon.initCountryCodes) Initiating country codes
[INFO ]2018-05-01 23:38:17,333 Thread:( main) Method:(org.grobid.core.lexicon.Lexicon.initCountryCodes) End of initialization of country codes
[DEBUG]2018-05-01 23:38:17,862 Thread:( main) Method:(org.grobid.core.lang.impl.CybozuLanguageDetectorFactory.getNewInstance) synchronized getNewInstance
[DEBUG]2018-05-01 23:38:17,886 Thread:( main) Method:(org.grobid.core.lang.impl.CybozuLanguageDetector.detect) [en:0.9999969908151077]
[INFO ]2018-05-01 23:38:17,895 Thread:( main) Method:(org.grobid.core.jni.WapitiModel.init) Loading model: /Users/vinci/lib/grobid/grobid-home/models/name/header/model.wapiti (size: 2225578)
[INFO ]2018-05-01 23:38:18,128 Thread:( main) Method:(org.grobid.core.jni.WapitiModel.init) Loading model: /Users/vinci/lib/grobid/grobid-home/models/name/citation/model.wapiti (size: 393118)
[INFO ]2018-05-01 23:38:18,271 Thread:( main) Method:(org.grobid.core.jni.WapitiModel.init) Loading model: /Users/vinci/lib/grobid/grobid-home/models/affiliation-address/model.wapiti (size: 86421)
[WARN ]2018-05-01 23:38:19,922 Thread:( main) Method:(org.grobid.core.utilities.GrobidProperties.getVersion) No grobid version info available in resources
[DEBUG]2018-05-01 23:38:19,935 Thread:( main) Method:(org.grobid.core.lang.impl.CybozuLanguageDetector.detect) [en:0.9999952493706783]
